{
  "stats": {
    "suites": 1,
    "tests": 1,
    "passes": 1,
    "pending": 0,
    "failures": 0,
    "start": "2024-09-30T17:31:35.745Z",
    "end": "2024-09-30T17:31:43.787Z",
    "duration": 8042,
    "testsRegistered": 1,
    "passPercent": 100,
    "pendingPercent": 0,
    "other": 0,
    "hasOther": false,
    "skipped": 0,
    "hasSkipped": false
  },
  "results": [
    {
      "uuid": "2397d2ed-79f9-4215-9c1e-e18c39cca5b9",
      "title": "",
      "fullFile": "cypress/e2e/clickBtnStart/index.cy.ts",
      "file": "cypress/e2e/clickBtnStart/index.cy.ts",
      "beforeHooks": [],
      "afterHooks": [],
      "tests": [],
      "suites": [
        {
          "uuid": "6c7e1e64-2320-4349-ae4f-2ccd9e3b3f84",
          "title": "Testes da Funcionalidade de Renderização do Elemento Escondido",
          "fullFile": "",
          "file": "",
          "beforeHooks": [],
          "afterHooks": [],
          "tests": [
            {
              "title": "Validar a exibição do texto \"Hello World!\" após clicar no botão Start",
              "fullTitle": "Testes da Funcionalidade de Renderização do Elemento Escondido Validar a exibição do texto \"Hello World!\" após clicar no botão Start",
              "timedOut": null,
              "duration": 7997,
              "state": "passed",
              "speed": "medium",
              "pass": true,
              "fail": false,
              "pending": false,
              "context": null,
              "code": "helpers.clickBtnStart();\nhelpers.checkLoadingVisible();\nhelpers.checkLoadingHidden();\nhelpers.assertValidateText();",
              "err": {},
              "uuid": "bbeed757-061f-4f88-9124-5b37df8575f3",
              "parentUUID": "6c7e1e64-2320-4349-ae4f-2ccd9e3b3f84",
              "isHook": false,
              "skipped": false
            }
          ],
          "suites": [],
          "passes": [
            "bbeed757-061f-4f88-9124-5b37df8575f3"
          ],
          "failures": [],
          "pending": [],
          "skipped": [],
          "duration": 7997,
          "root": false,
          "rootEmpty": false,
          "_timeout": 2000
        }
      ],
      "passes": [],
      "failures": [],
      "pending": [],
      "skipped": [],
      "duration": 0,
      "root": true,
      "rootEmpty": true,
      "_timeout": 2000
    }
  ],
  "meta": {
    "mocha": {
      "version": "7.0.1"
    },
    "mochawesome": {
      "options": {
        "quiet": false,
        "reportFilename": "mochawesome",
        "saveHtml": true,
        "saveJson": true,
        "consoleReporter": "spec",
        "useInlineDiffs": false,
        "code": true
      },
      "version": "7.1.3"
    },
    "marge": {
      "options": {
        "overwrite": false,
        "html": true,
        "json": true
      },
      "version": "6.2.0"
    }
  }
}