{
  "stats": {
    "suites": 2,
    "tests": 1,
    "passes": 0,
    "pending": 0,
    "failures": 1,
    "start": "2024-09-29T16:11:58.245Z",
    "end": "2024-09-29T16:12:05.227Z",
    "duration": 6982,
    "testsRegistered": 1,
    "passPercent": 0,
    "pendingPercent": 0,
    "other": 0,
    "hasOther": false,
    "skipped": 0,
    "hasSkipped": false
  },
  "results": [
    {
      "uuid": "48af4dee-96ac-4038-afe6-7126e5ca2488",
      "title": "",
      "fullFile": "cypress/e2e/clickButton/index.cy.ts",
      "file": "cypress/e2e/clickButton/index.cy.ts",
      "beforeHooks": [],
      "afterHooks": [],
      "tests": [],
      "suites": [
        {
          "uuid": "0af6488a-d42a-46d7-a504-9c93ee734a12",
          "title": "Testes de Funcionalidades",
          "fullFile": "",
          "file": "",
          "beforeHooks": [],
          "afterHooks": [],
          "tests": [],
          "suites": [
            {
              "uuid": "91a92282-83ca-44a0-91d3-ba62b190520b",
              "title": "Clicar em botões na página desafiadora",
              "fullFile": "",
              "file": "",
              "beforeHooks": [],
              "afterHooks": [],
              "tests": [
                {
                  "title": "deve clicar em todos os botões Edit e Delete",
                  "fullTitle": "Testes de Funcionalidades Clicar em botões na página desafiadora deve clicar em todos os botões Edit e Delete",
                  "timedOut": null,
                  "duration": 6869,
                  "state": "failed",
                  "speed": null,
                  "pass": false,
                  "fail": true,
                  "pending": false,
                  "context": null,
                  "code": "cy.visit('https://the-internet.herokuapp.com/challenging_dom');\nhelper_1.ChallengingDomHelper.clickAllButtons();",
                  "err": {
                    "message": "AssertionError: Timed out retrying after 4000ms: Expected to find element: `button:contains(\"Edit\")`, but never found it.",
                    "estack": "AssertionError: Timed out retrying after 4000ms: Expected to find element: `button:contains(\"Edit\")`, but never found it.\n    at ChallengingDomHelper.editButtons (webpack://cypress-automation/./cypress/e2e/clickButton/helper.ts:8:0)\n    at ChallengingDomHelper.clickAllButtons (webpack://cypress-automation/./cypress/e2e/clickButton/helper.ts:15:0)\n    at Context.eval (webpack://cypress-automation/./cypress/e2e/clickButton/index.cy.ts:10:0)",
                    "diff": null
                  },
                  "uuid": "6629aaba-6318-4951-830f-0f90415bad4c",
                  "parentUUID": "91a92282-83ca-44a0-91d3-ba62b190520b",
                  "isHook": false,
                  "skipped": false
                }
              ],
              "suites": [],
              "passes": [],
              "failures": [
                "6629aaba-6318-4951-830f-0f90415bad4c"
              ],
              "pending": [],
              "skipped": [],
              "duration": 6869,
              "root": false,
              "rootEmpty": false,
              "_timeout": 2000
            }
          ],
          "passes": [],
          "failures": [],
          "pending": [],
          "skipped": [],
          "duration": 0,
          "root": false,
          "rootEmpty": false,
          "_timeout": 2000
        }
      ],
      "passes": [],
      "failures": [],
      "pending": [],
      "skipped": [],
      "duration": 0,
      "root": true,
      "rootEmpty": true,
      "_timeout": 2000
    }
  ],
  "meta": {
    "mocha": {
      "version": "7.0.1"
    },
    "mochawesome": {
      "options": {
        "quiet": false,
        "reportFilename": "mochawesome",
        "saveHtml": true,
        "saveJson": true,
        "consoleReporter": "spec",
        "useInlineDiffs": false,
        "code": true
      },
      "version": "7.1.3"
    },
    "marge": {
      "options": {
        "overwrite": false,
        "html": true,
        "json": true
      },
      "version": "6.2.0"
    }
  }
}